2019-09-16 15:09:07 startup archives install
2019-09-16 15:09:08 install base-passwd:amd64 <none> 3.5.46
2019-09-16 15:09:08 status half-installed base-passwd:amd64 3.5.46
2019-09-16 15:09:10 status unpacked base-passwd:amd64 3.5.46
2019-09-16 15:09:11 configure base-passwd:amd64 3.5.46 3.5.46
2019-09-16 15:09:11 status half-configured base-passwd:amd64 3.5.46
2019-09-16 15:09:12 status installed base-passwd:amd64 3.5.46
2019-09-16 15:09:13 startup archives install
2019-09-16 15:09:13 install base-files:amd64 <none> 10.3+deb10u1
2019-09-16 15:09:13 status half-installed base-files:amd64 10.3+deb10u1
2019-09-16 15:09:16 status unpacked base-files:amd64 10.3+deb10u1
2019-09-16 15:09:16 configure base-files:amd64 10.3+deb10u1 10.3+deb10u1
2019-09-16 15:09:19 status half-configured base-files:amd64 10.3+deb10u1
2019-09-16 15:09:20 status installed base-files:amd64 10.3+deb10u1
2019-09-16 15:09:21 startup archives install
2019-09-16 15:09:21 upgrade dpkg 1.19.7 1.19.7
2019-09-16 15:09:21 status half-configured dpkg 1.19.7
2019-09-16 15:09:21 status unpacked dpkg 1.19.7
2019-09-16 15:09:22 status half-installed dpkg 1.19.7
2019-09-16 15:09:31 status unpacked dpkg:amd64 1.19.7
2019-09-16 15:09:32 configure dpkg:amd64 1.19.7 1.19.7
2019-09-16 15:09:34 status half-configured dpkg:amd64 1.19.7
2019-09-16 15:09:34 status installed dpkg:amd64 1.19.7
2019-09-16 15:09:35 startup archives install
2019-09-16 15:09:36 install libc6:amd64 <none> 2.28-10
2019-09-16 15:09:36 status half-installed libc6:amd64 2.28-10
2019-09-16 15:09:58 status unpacked libc6:amd64 2.28-10
2019-09-16 15:09:59 configure libc6:amd64 2.28-10 2.28-10
2019-09-16 15:10:00 status half-configured libc6:amd64 2.28-10
2019-09-16 15:10:01 status installed libc6:amd64 2.28-10
2019-09-16 15:10:02 startup archives install
2019-09-16 15:10:03 install perl-base:amd64 <none> 5.28.1-6
2019-09-16 15:10:03 status half-installed perl-base:amd64 5.28.1-6
2019-09-16 15:10:35 status unpacked perl-base:amd64 5.28.1-6
2019-09-16 15:10:36 configure perl-base:amd64 5.28.1-6 5.28.1-6
2019-09-16 15:10:36 status half-configured perl-base:amd64 5.28.1-6
2019-09-16 15:10:36 status installed perl-base:amd64 5.28.1-6
2019-09-16 15:10:37 startup archives install
2019-09-16 15:10:37 install mawk:amd64 <none> 1.3.3-17+b3
2019-09-16 15:10:37 status half-installed mawk:amd64 1.3.3-17+b3
2019-09-16 15:10:39 status unpacked mawk:amd64 1.3.3-17+b3
2019-09-16 15:10:39 configure mawk:amd64 1.3.3-17+b3 1.3.3-17+b3
2019-09-16 15:10:39 status half-configured mawk:amd64 1.3.3-17+b3
2019-09-16 15:10:40 status installed mawk:amd64 1.3.3-17+b3
2019-09-16 15:10:40 startup archives install
2019-09-16 15:10:41 install debconf:all <none> 1.5.71
2019-09-16 15:10:41 status half-installed debconf:all 1.5.71
2019-09-16 15:10:48 status unpacked debconf:all 1.5.71
2019-09-16 15:10:49 configure debconf:all 1.5.71 1.5.71
2019-09-16 15:10:49 status half-configured debconf:all 1.5.71
2019-09-16 15:10:50 status installed debconf:all 1.5.71
2019-09-16 15:10:51 startup archives unpack
2019-09-16 15:10:51 install libacl1:amd64 <none> 2.2.53-4
2019-09-16 15:10:51 status half-installed libacl1:amd64 2.2.53-4
2019-09-16 15:10:52 status unpacked libacl1:amd64 2.2.53-4
2019-09-16 15:10:53 install adduser:all <none> 3.118
2019-09-16 15:10:53 status half-installed adduser:all 3.118
2019-09-16 15:10:57 status unpacked adduser:all 3.118
2019-09-16 15:10:57 install apt:amd64 <none> 1.8.2
2019-09-16 15:10:57 status half-installed apt:amd64 1.8.2
2019-09-16 15:11:08 status unpacked apt:amd64 1.8.2
2019-09-16 15:11:08 install libapt-pkg5.0:amd64 <none> 1.8.2
2019-09-16 15:11:08 status half-installed libapt-pkg5.0:amd64 1.8.2
2019-09-16 15:11:11 status unpacked libapt-pkg5.0:amd64 1.8.2
2019-09-16 15:11:11 install libattr1:amd64 <none> 1:2.4.48-4
2019-09-16 15:11:11 status half-installed libattr1:amd64 1:2.4.48-4
2019-09-16 15:11:12 status unpacked libattr1:amd64 1:2.4.48-4
2019-09-16 15:11:13 install libaudit-common:all <none> 1:2.8.4-3
2019-09-16 15:11:13 status half-installed libaudit-common:all 1:2.8.4-3
2019-09-16 15:11:13 status unpacked libaudit-common:all 1:2.8.4-3
2019-09-16 15:11:14 install libaudit1:amd64 <none> 1:2.8.4-3
2019-09-16 15:11:14 status half-installed libaudit1:amd64 1:2.8.4-3
2019-09-16 15:11:14 status unpacked libaudit1:amd64 1:2.8.4-3
2019-09-16 15:11:15 upgrade base-files:amd64 10.3+deb10u1 10.3+deb10u1
2019-09-16 15:11:15 status half-configured base-files:amd64 10.3+deb10u1
2019-09-16 15:11:15 status unpacked base-files:amd64 10.3+deb10u1
2019-09-16 15:11:15 status half-installed base-files:amd64 10.3+deb10u1
2019-09-16 15:11:17 status unpacked base-files:amd64 10.3+deb10u1
2019-09-16 15:11:18 upgrade base-passwd:amd64 3.5.46 3.5.46
2019-09-16 15:11:18 status half-configured base-passwd:amd64 3.5.46
2019-09-16 15:11:19 status unpacked base-passwd:amd64 3.5.46
2019-09-16 15:11:19 status half-installed base-passwd:amd64 3.5.46
2019-09-16 15:11:21 status unpacked base-passwd:amd64 3.5.46
2019-09-16 15:11:22 install bash:amd64 <none> 5.0-4
2019-09-16 15:11:22 status half-installed bash:amd64 5.0-4
2019-09-16 15:11:26 status unpacked bash:amd64 5.0-4
2019-09-16 15:11:27 install libbz2-1.0:amd64 <none> 1.0.6-9.2~deb10u1
2019-09-16 15:11:27 status half-installed libbz2-1.0:amd64 1.0.6-9.2~deb10u1
2019-09-16 15:11:27 status unpacked libbz2-1.0:amd64 1.0.6-9.2~deb10u1
2019-09-16 15:11:28 install libdebconfclient0:amd64 <none> 0.249
2019-09-16 15:11:28 status half-installed libdebconfclient0:amd64 0.249
2019-09-16 15:11:29 status unpacked libdebconfclient0:amd64 0.249
2019-09-16 15:11:29 install coreutils:amd64 <none> 8.30-3
2019-09-16 15:11:29 status half-installed coreutils:amd64 8.30-3
2019-09-16 15:11:44 status unpacked coreutils:amd64 8.30-3
2019-09-16 15:11:46 install dash:amd64 <none> 0.5.10.2-5
2019-09-16 15:11:46 status half-installed dash:amd64 0.5.10.2-5
2019-09-16 15:11:48 status unpacked dash:amd64 0.5.10.2-5
2019-09-16 15:11:49 install libdb5.3:amd64 <none> 5.3.28+dfsg1-0.5
2019-09-16 15:11:49 status half-installed libdb5.3:amd64 5.3.28+dfsg1-0.5
2019-09-16 15:11:51 status unpacked libdb5.3:amd64 5.3.28+dfsg1-0.5
2019-09-16 15:11:52 upgrade debconf:all 1.5.71 1.5.71
2019-09-16 15:11:52 status half-configured debconf:all 1.5.71
2019-09-16 15:11:53 status unpacked debconf:all 1.5.71
2019-09-16 15:11:53 status half-installed debconf:all 1.5.71
2019-09-16 15:12:03 status unpacked debconf:all 1.5.71
2019-09-16 15:12:04 install debian-archive-keyring:all <none> 2019.1
2019-09-16 15:12:04 status half-installed debian-archive-keyring:all 2019.1
2019-09-16 15:12:07 status unpacked debian-archive-keyring:all 2019.1
2019-09-16 15:12:08 install debianutils:amd64 <none> 4.8.6.1
2019-09-16 15:12:08 status half-installed debianutils:amd64 4.8.6.1
2019-09-16 15:12:13 status unpacked debianutils:amd64 4.8.6.1
2019-09-16 15:12:14 install diffutils:amd64 <none> 1:3.7-3
2019-09-16 15:12:14 status half-installed diffutils:amd64 1:3.7-3
2019-09-16 15:12:18 status unpacked diffutils:amd64 1:3.7-3
2019-09-16 15:12:19 upgrade dpkg:amd64 1.19.7 1.19.7
2019-09-16 15:12:19 status half-configured dpkg:amd64 1.19.7
2019-09-16 15:12:19 status unpacked dpkg:amd64 1.19.7
2019-09-16 15:12:20 status half-installed dpkg:amd64 1.19.7
2019-09-16 15:12:29 status unpacked dpkg:amd64 1.19.7
2019-09-16 15:12:30 install e2fsprogs:amd64 <none> 1.44.5-1+deb10u1
2019-09-16 15:12:30 status half-installed e2fsprogs:amd64 1.44.5-1+deb10u1
2019-09-16 15:12:34 status unpacked e2fsprogs:amd64 1.44.5-1+deb10u1
2019-09-16 15:12:35 install libcom-err2:amd64 <none> 1.44.5-1+deb10u1
2019-09-16 15:12:35 status half-installed libcom-err2:amd64 1.44.5-1+deb10u1
2019-09-16 15:12:36 status unpacked libcom-err2:amd64 1.44.5-1+deb10u1
2019-09-16 15:12:38 install libext2fs2:amd64 <none> 1.44.5-1+deb10u1
2019-09-16 15:12:38 status half-installed libext2fs2:amd64 1.44.5-1+deb10u1
2019-09-16 15:12:39 status unpacked libext2fs2:amd64 1.44.5-1+deb10u1
2019-09-16 15:12:40 install libss2:amd64 <none> 1.44.5-1+deb10u1
2019-09-16 15:12:40 status half-installed libss2:amd64 1.44.5-1+deb10u1
2019-09-16 15:12:41 status unpacked libss2:amd64 1.44.5-1+deb10u1
2019-09-16 15:12:43 install findutils:amd64 <none> 4.6.0+git+20190209-2
2019-09-16 15:12:43 status half-installed findutils:amd64 4.6.0+git+20190209-2
2019-09-16 15:12:49 status unpacked findutils:amd64 4.6.0+git+20190209-2
2019-09-16 15:12:50 install gcc-8-base:amd64 <none> 8.3.0-6
2019-09-16 15:12:50 status half-installed gcc-8-base:amd64 8.3.0-6
2019-09-16 15:12:51 status unpacked gcc-8-base:amd64 8.3.0-6
2019-09-16 15:12:52 install libgcc1:amd64 <none> 1:8.3.0-6
2019-09-16 15:12:52 status half-installed libgcc1:amd64 1:8.3.0-6
2019-09-16 15:12:53 status unpacked libgcc1:amd64 1:8.3.0-6
2019-09-16 15:12:55 install libstdc++6:amd64 <none> 8.3.0-6
2019-09-16 15:12:55 status half-installed libstdc++6:amd64 8.3.0-6
2019-09-16 15:12:57 status unpacked libstdc++6:amd64 8.3.0-6
2019-09-16 15:12:58 install libc-bin:amd64 <none> 2.28-10
2019-09-16 15:12:58 status half-installed libc-bin:amd64 2.28-10
2019-09-16 15:13:04 status unpacked libc-bin:amd64 2.28-10
2019-09-16 15:13:06 upgrade libc6:amd64 2.28-10 2.28-10
2019-09-16 15:13:06 status half-configured libc6:amd64 2.28-10
2019-09-16 15:13:06 status unpacked libc6:amd64 2.28-10
2019-09-16 15:13:06 status half-installed libc6:amd64 2.28-10
2019-09-16 15:13:29 status unpacked libc6:amd64 2.28-10
2019-09-16 15:13:31 install libgmp10:amd64 <none> 2:6.1.2+dfsg-4
2019-09-16 15:13:31 status half-installed libgmp10:amd64 2:6.1.2+dfsg-4
2019-09-16 15:13:33 status unpacked libgmp10:amd64 2:6.1.2+dfsg-4
2019-09-16 15:13:34 install gpgv:amd64 <none> 2.2.12-1+deb10u1
2019-09-16 15:13:34 status half-installed gpgv:amd64 2.2.12-1+deb10u1
2019-09-16 15:13:36 status unpacked gpgv:amd64 2.2.12-1+deb10u1
2019-09-16 15:13:38 install libgnutls30:amd64 <none> 3.6.7-4
2019-09-16 15:13:38 status half-installed libgnutls30:amd64 3.6.7-4
2019-09-16 15:13:42 status unpacked libgnutls30:amd64 3.6.7-4
2019-09-16 15:13:43 install grep:amd64 <none> 3.3-1
2019-09-16 15:13:43 status half-installed grep:amd64 3.3-1
2019-09-16 15:13:49 status unpacked grep:amd64 3.3-1
2019-09-16 15:13:50 install gzip:amd64 <none> 1.9-3
2019-09-16 15:13:50 status half-installed gzip:amd64 1.9-3
2019-09-16 15:13:53 status unpacked gzip:amd64 1.9-3
2019-09-16 15:13:55 install hostname:amd64 <none> 3.21
2019-09-16 15:13:55 status half-installed hostname:amd64 3.21
2019-09-16 15:13:56 status unpacked hostname:amd64 3.21
2019-09-16 15:13:57 install init-system-helpers:all <none> 1.56+nmu1
2019-09-16 15:13:57 status half-installed init-system-helpers:all 1.56+nmu1
2019-09-16 15:14:00 status unpacked init-system-helpers:all 1.56+nmu1
2019-09-16 15:14:01 install libcap-ng0:amd64 <none> 0.7.9-2
2019-09-16 15:14:01 status half-installed libcap-ng0:amd64 0.7.9-2
2019-09-16 15:14:03 status unpacked libcap-ng0:amd64 0.7.9-2
2019-09-16 15:14:04 install libffi6:amd64 <none> 3.2.1-9
2019-09-16 15:14:04 status half-installed libffi6:amd64 3.2.1-9
2019-09-16 15:14:06 status unpacked libffi6:amd64 3.2.1-9
2019-09-16 15:14:07 install libgcrypt20:amd64 <none> 1.8.4-5
2019-09-16 15:14:07 status half-installed libgcrypt20:amd64 1.8.4-5
2019-09-16 15:14:10 status unpacked libgcrypt20:amd64 1.8.4-5
2019-09-16 15:14:12 install libgpg-error0:amd64 <none> 1.35-1
2019-09-16 15:14:12 status half-installed libgpg-error0:amd64 1.35-1
2019-09-16 15:14:14 status unpacked libgpg-error0:amd64 1.35-1
2019-09-16 15:14:16 install libidn2-0:amd64 <none> 2.0.5-1
2019-09-16 15:14:16 status half-installed libidn2-0:amd64 2.0.5-1
2019-09-16 15:14:21 status unpacked libidn2-0:amd64 2.0.5-1
2019-09-16 15:14:23 install libseccomp2:amd64 <none> 2.3.3-4
2019-09-16 15:14:23 status half-installed libseccomp2:amd64 2.3.3-4
2019-09-16 15:14:24 status unpacked libseccomp2:amd64 2.3.3-4
2019-09-16 15:14:26 install libselinux1:amd64 <none> 2.8-1+b1
2019-09-16 15:14:26 status half-installed libselinux1:amd64 2.8-1+b1
2019-09-16 15:14:28 status unpacked libselinux1:amd64 2.8-1+b1
2019-09-16 15:14:29 install libsemanage-common:all <none> 2.8-2
2019-09-16 15:14:29 status half-installed libsemanage-common:all 2.8-2
2019-09-16 15:14:30 status unpacked libsemanage-common:all 2.8-2
2019-09-16 15:14:32 install libsemanage1:amd64 <none> 2.8-2
2019-09-16 15:14:32 status half-installed libsemanage1:amd64 2.8-2
2019-09-16 15:14:34 status unpacked libsemanage1:amd64 2.8-2
2019-09-16 15:14:35 install libsepol1:amd64 <none> 2.8-1
2019-09-16 15:14:35 status half-installed libsepol1:amd64 2.8-1
2019-09-16 15:14:37 status unpacked libsepol1:amd64 2.8-1
2019-09-16 15:14:38 install libtasn1-6:amd64 <none> 4.13-3
2019-09-16 15:14:38 status half-installed libtasn1-6:amd64 4.13-3
2019-09-16 15:14:40 status unpacked libtasn1-6:amd64 4.13-3
2019-09-16 15:14:41 install libunistring2:amd64 <none> 0.9.10-1
2019-09-16 15:14:41 status half-installed libunistring2:amd64 0.9.10-1
2019-09-16 15:14:43 status unpacked libunistring2:amd64 0.9.10-1
2019-09-16 15:14:44 install libzstd1:amd64 <none> 1.3.8+dfsg-3
2019-09-16 15:14:44 status half-installed libzstd1:amd64 1.3.8+dfsg-3
2019-09-16 15:14:46 status unpacked libzstd1:amd64 1.3.8+dfsg-3
2019-09-16 15:14:48 install liblz4-1:amd64 <none> 1.8.3-1
2019-09-16 15:14:48 status half-installed liblz4-1:amd64 1.8.3-1
2019-09-16 15:14:50 status unpacked liblz4-1:amd64 1.8.3-1
2019-09-16 15:14:51 upgrade mawk:amd64 1.3.3-17+b3 1.3.3-17+b3
2019-09-16 15:14:51 status half-configured mawk:amd64 1.3.3-17+b3
2019-09-16 15:14:52 status unpacked mawk:amd64 1.3.3-17+b3
2019-09-16 15:14:52 status half-installed mawk:amd64 1.3.3-17+b3
2019-09-16 15:14:56 status unpacked mawk:amd64 1.3.3-17+b3
2019-09-16 15:14:58 install libncursesw6:amd64 <none> 6.1+20181013-2+deb10u1
2019-09-16 15:14:58 status half-installed libncursesw6:amd64 6.1+20181013-2+deb10u1
2019-09-16 15:15:00 status unpacked libncursesw6:amd64 6.1+20181013-2+deb10u1
2019-09-16 15:15:02 install libtinfo6:amd64 <none> 6.1+20181013-2+deb10u1
2019-09-16 15:15:02 status half-installed libtinfo6:amd64 6.1+20181013-2+deb10u1
2019-09-16 15:15:04 status unpacked libtinfo6:amd64 6.1+20181013-2+deb10u1
2019-09-16 15:15:06 install ncurses-base:all <none> 6.1+20181013-2+deb10u1
2019-09-16 15:15:06 status half-installed ncurses-base:all 6.1+20181013-2+deb10u1
2019-09-16 15:15:11 status unpacked ncurses-base:all 6.1+20181013-2+deb10u1
2019-09-16 15:15:13 install ncurses-bin:amd64 <none> 6.1+20181013-2+deb10u1
2019-09-16 15:15:13 status half-installed ncurses-bin:amd64 6.1+20181013-2+deb10u1
2019-09-16 15:15:17 status unpacked ncurses-bin:amd64 6.1+20181013-2+deb10u1
2019-09-16 15:15:19 install libhogweed4:amd64 <none> 3.4.1-1
2019-09-16 15:15:19 status half-installed libhogweed4:amd64 3.4.1-1
2019-09-16 15:15:21 status unpacked libhogweed4:amd64 3.4.1-1
2019-09-16 15:15:23 install libnettle6:amd64 <none> 3.4.1-1
2019-09-16 15:15:23 status half-installed libnettle6:amd64 3.4.1-1
2019-09-16 15:15:25 status unpacked libnettle6:amd64 3.4.1-1
2019-09-16 15:15:27 install libp11-kit0:amd64 <none> 0.23.15-2
2019-09-16 15:15:27 status half-installed libp11-kit0:amd64 0.23.15-2
2019-09-16 15:15:30 status unpacked libp11-kit0:amd64 0.23.15-2
2019-09-16 15:15:32 install libpam-modules:amd64 <none> 1.3.1-5
2019-09-16 15:15:32 status half-installed libpam-modules:amd64 1.3.1-5
2019-09-16 15:15:41 status unpacked libpam-modules:amd64 1.3.1-5
2019-09-16 15:15:42 install libpam-modules-bin:amd64 <none> 1.3.1-5
2019-09-16 15:15:42 status half-installed libpam-modules-bin:amd64 1.3.1-5
2019-09-16 15:15:44 status unpacked libpam-modules-bin:amd64 1.3.1-5
2019-09-16 15:15:46 install libpam-runtime:all <none> 1.3.1-5
2019-09-16 15:15:46 status half-installed libpam-runtime:all 1.3.1-5
2019-09-16 15:15:56 status unpacked libpam-runtime:all 1.3.1-5
2019-09-16 15:15:57 install libpam0g:amd64 <none> 1.3.1-5
2019-09-16 15:15:57 status half-installed libpam0g:amd64 1.3.1-5
2019-09-16 15:16:00 status unpacked libpam0g:amd64 1.3.1-5
2019-09-16 15:16:02 install libpcre3:amd64 <none> 2:8.39-12
2019-09-16 15:16:02 status half-installed libpcre3:amd64 2:8.39-12
2019-09-16 15:16:04 status unpacked libpcre3:amd64 2:8.39-12
2019-09-16 15:16:06 upgrade perl-base:amd64 5.28.1-6 5.28.1-6
2019-09-16 15:16:06 status half-configured perl-base:amd64 5.28.1-6
2019-09-16 15:16:06 status unpacked perl-base:amd64 5.28.1-6
2019-09-16 15:16:07 status half-installed perl-base:amd64 5.28.1-6
2019-09-16 15:16:43 status unpacked perl-base:amd64 5.28.1-6
2019-09-16 15:16:45 install sed:amd64 <none> 4.7-1
2019-09-16 15:16:45 status half-installed sed:amd64 4.7-1
2019-09-16 15:16:50 status unpacked sed:amd64 4.7-1
2019-09-16 15:16:51 install login:amd64 <none> 1:4.5-1.1
2019-09-16 15:16:51 status half-installed login:amd64 1:4.5-1.1
2019-09-16 15:17:02 status unpacked login:amd64 1:4.5-1.1
2019-09-16 15:17:03 install passwd:amd64 <none> 1:4.5-1.1
2019-09-16 15:17:03 status half-installed passwd:amd64 1:4.5-1.1
2019-09-16 15:17:24 status unpacked passwd:amd64 1:4.5-1.1
2019-09-16 15:17:24 install libsystemd0:amd64 <none> 241-7~deb10u1
2019-09-16 15:17:24 status half-installed libsystemd0:amd64 241-7~deb10u1
2019-09-16 15:17:26 status unpacked libsystemd0:amd64 241-7~deb10u1
2019-09-16 15:17:27 install libudev1:amd64 <none> 241-7~deb10u1
2019-09-16 15:17:27 status half-installed libudev1:amd64 241-7~deb10u1
2019-09-16 15:17:28 status unpacked libudev1:amd64 241-7~deb10u1
2019-09-16 15:17:28 install sysvinit-utils:amd64 <none> 2.93-8
2019-09-16 15:17:28 status half-installed sysvinit-utils:amd64 2.93-8
2019-09-16 15:17:30 status unpacked sysvinit-utils:amd64 2.93-8
2019-09-16 15:17:31 install tar:amd64 <none> 1.30+dfsg-6
2019-09-16 15:17:31 status half-installed tar:amd64 1.30+dfsg-6
2019-09-16 15:17:35 status unpacked tar:amd64 1.30+dfsg-6
2019-09-16 15:17:36 install tzdata:all <none> 2019b-0+deb10u1
2019-09-16 15:17:36 status half-installed tzdata:all 2019b-0+deb10u1
2019-09-16 15:18:05 status unpacked tzdata:all 2019b-0+deb10u1
2019-09-16 15:18:07 install bsdutils:amd64 <none> 1:2.33.1-0.1
2019-09-16 15:18:07 status half-installed bsdutils:amd64 1:2.33.1-0.1
2019-09-16 15:18:10 status unpacked bsdutils:amd64 1:2.33.1-0.1
2019-09-16 15:18:11 install fdisk:amd64 <none> 2.33.1-0.1
2019-09-16 15:18:11 status half-installed fdisk:amd64 2.33.1-0.1
2019-09-16 15:18:14 status unpacked fdisk:amd64 2.33.1-0.1
2019-09-16 15:18:16 install libblkid1:amd64 <none> 2.33.1-0.1
2019-09-16 15:18:16 status half-installed libblkid1:amd64 2.33.1-0.1
2019-09-16 15:18:18 status unpacked libblkid1:amd64 2.33.1-0.1
2019-09-16 15:18:20 install libfdisk1:amd64 <none> 2.33.1-0.1
2019-09-16 15:18:20 status half-installed libfdisk1:amd64 2.33.1-0.1
2019-09-16 15:18:22 status unpacked libfdisk1:amd64 2.33.1-0.1
2019-09-16 15:18:25 install libmount1:amd64 <none> 2.33.1-0.1
2019-09-16 15:18:25 status half-installed libmount1:amd64 2.33.1-0.1
2019-09-16 15:18:28 status unpacked libmount1:amd64 2.33.1-0.1
2019-09-16 15:18:30 install libsmartcols1:amd64 <none> 2.33.1-0.1
2019-09-16 15:18:30 status half-installed libsmartcols1:amd64 2.33.1-0.1
2019-09-16 15:18:33 status unpacked libsmartcols1:amd64 2.33.1-0.1
2019-09-16 15:18:35 install libuuid1:amd64 <none> 2.33.1-0.1
2019-09-16 15:18:35 status half-installed libuuid1:amd64 2.33.1-0.1
2019-09-16 15:18:37 status unpacked libuuid1:amd64 2.33.1-0.1
2019-09-16 15:18:38 install mount:amd64 <none> 2.33.1-0.1
2019-09-16 15:18:38 status half-installed mount:amd64 2.33.1-0.1
2019-09-16 15:18:42 status unpacked mount:amd64 2.33.1-0.1
2019-09-16 15:18:44 install util-linux:amd64 <none> 2.33.1-0.1
2019-09-16 15:18:44 status half-installed util-linux:amd64 2.33.1-0.1
2019-09-16 15:19:03 status unpacked util-linux:amd64 2.33.1-0.1
2019-09-16 15:19:04 install liblzma5:amd64 <none> 5.2.4-1
2019-09-16 15:19:04 status half-installed liblzma5:amd64 5.2.4-1
2019-09-16 15:19:05 status unpacked liblzma5:amd64 5.2.4-1
2019-09-16 15:19:06 install zlib1g:amd64 <none> 1:1.2.11.dfsg-1
2019-09-16 15:19:06 status half-installed zlib1g:amd64 1:1.2.11.dfsg-1
2019-09-16 15:19:07 status unpacked zlib1g:amd64 1:1.2.11.dfsg-1
2019-09-16 15:19:08 startup packages configure
2019-09-16 15:19:08 configure debian-archive-keyring:all 2019.1 <none>
2019-09-16 15:19:08 status unpacked debian-archive-keyring:all 2019.1
2019-09-16 15:19:11 status half-configured debian-archive-keyring:all 2019.1
2019-09-16 15:19:11 status installed debian-archive-keyring:all 2019.1
2019-09-16 15:19:11 configure libaudit-common:all 1:2.8.4-3 <none>
2019-09-16 15:19:11 status unpacked libaudit-common:all 1:2.8.4-3
2019-09-16 15:19:12 status half-configured libaudit-common:all 1:2.8.4-3
2019-09-16 15:19:12 status installed libaudit-common:all 1:2.8.4-3
2019-09-16 15:19:12 configure libsemanage-common:all 2.8-2 <none>
2019-09-16 15:19:12 status unpacked libsemanage-common:all 2.8-2
2019-09-16 15:19:13 status half-configured libsemanage-common:all 2.8-2
2019-09-16 15:19:13 status installed libsemanage-common:all 2.8-2
2019-09-16 15:19:13 configure ncurses-base:all 6.1+20181013-2+deb10u1 <none>
2019-09-16 15:19:13 status unpacked ncurses-base:all 6.1+20181013-2+deb10u1
2019-09-16 15:19:14 status half-configured ncurses-base:all 6.1+20181013-2+deb10u1
2019-09-16 15:19:14 status installed ncurses-base:all 6.1+20181013-2+deb10u1
2019-09-16 15:19:15 configure gcc-8-base:amd64 8.3.0-6 <none>
2019-09-16 15:19:15 status unpacked gcc-8-base:amd64 8.3.0-6
2019-09-16 15:19:15 status half-configured gcc-8-base:amd64 8.3.0-6
2019-09-16 15:19:15 status installed gcc-8-base:amd64 8.3.0-6
2019-09-16 15:19:15 configure libc6:amd64 2.28-10 <none>
2019-09-16 15:19:15 status unpacked libc6:amd64 2.28-10
2019-09-16 15:19:16 status half-configured libc6:amd64 2.28-10
2019-09-16 15:19:17 status installed libc6:amd64 2.28-10
2019-09-16 15:19:17 configure libudev1:amd64 241-7~deb10u1 <none>
2019-09-16 15:19:17 status unpacked libudev1:amd64 241-7~deb10u1
2019-09-16 15:19:17 status half-configured libudev1:amd64 241-7~deb10u1
2019-09-16 15:19:18 status installed libudev1:amd64 241-7~deb10u1
2019-09-16 15:19:18 configure libsepol1:amd64 2.8-1 <none>
2019-09-16 15:19:18 status unpacked libsepol1:amd64 2.8-1
2019-09-16 15:19:18 status half-configured libsepol1:amd64 2.8-1
2019-09-16 15:19:19 status installed libsepol1:amd64 2.8-1
2019-09-16 15:19:19 configure libattr1:amd64 1:2.4.48-4 <none>
2019-09-16 15:19:19 status unpacked libattr1:amd64 1:2.4.48-4
2019-09-16 15:19:20 status half-configured libattr1:amd64 1:2.4.48-4
2019-09-16 15:19:20 status installed libattr1:amd64 1:2.4.48-4
2019-09-16 15:19:20 configure libtasn1-6:amd64 4.13-3 <none>
2019-09-16 15:19:20 status unpacked libtasn1-6:amd64 4.13-3
2019-09-16 15:19:21 status half-configured libtasn1-6:amd64 4.13-3
2019-09-16 15:19:21 status installed libtasn1-6:amd64 4.13-3
2019-09-16 15:19:21 configure debianutils:amd64 4.8.6.1 <none>
2019-09-16 15:19:21 status unpacked debianutils:amd64 4.8.6.1
2019-09-16 15:19:22 status half-configured debianutils:amd64 4.8.6.1
2019-09-16 15:19:22 status installed debianutils:amd64 4.8.6.1
2019-09-16 15:19:22 configure mawk:amd64 1.3.3-17+b3 <none>
2019-09-16 15:19:22 status unpacked mawk:amd64 1.3.3-17+b3
2019-09-16 15:19:23 status half-configured mawk:amd64 1.3.3-17+b3
2019-09-16 15:19:23 status installed mawk:amd64 1.3.3-17+b3
2019-09-16 15:19:23 configure libdebconfclient0:amd64 0.249 <none>
2019-09-16 15:19:23 status unpacked libdebconfclient0:amd64 0.249
2019-09-16 15:19:24 status half-configured libdebconfclient0:amd64 0.249
2019-09-16 15:19:24 status installed libdebconfclient0:amd64 0.249
2019-09-16 15:19:24 configure base-files:amd64 10.3+deb10u1 <none>
2019-09-16 15:19:24 status unpacked base-files:amd64 10.3+deb10u1
2019-09-16 15:19:26 status half-configured base-files:amd64 10.3+deb10u1
2019-09-16 15:19:26 status installed base-files:amd64 10.3+deb10u1
2019-09-16 15:19:27 configure libbz2-1.0:amd64 1.0.6-9.2~deb10u1 <none>
2019-09-16 15:19:27 status unpacked libbz2-1.0:amd64 1.0.6-9.2~deb10u1
2019-09-16 15:19:27 status half-configured libbz2-1.0:amd64 1.0.6-9.2~deb10u1
2019-09-16 15:19:27 status installed libbz2-1.0:amd64 1.0.6-9.2~deb10u1
2019-09-16 15:19:28 configure base-passwd:amd64 3.5.46 <none>
2019-09-16 15:19:28 status unpacked base-passwd:amd64 3.5.46
2019-09-16 15:19:28 status half-configured base-passwd:amd64 3.5.46
2019-09-16 15:19:29 status installed base-passwd:amd64 3.5.46
2019-09-16 15:19:29 configure libdb5.3:amd64 5.3.28+dfsg1-0.5 <none>
2019-09-16 15:19:29 status unpacked libdb5.3:amd64 5.3.28+dfsg1-0.5
2019-09-16 15:19:30 status half-configured libdb5.3:amd64 5.3.28+dfsg1-0.5
2019-09-16 15:19:30 status installed libdb5.3:amd64 5.3.28+dfsg1-0.5
2019-09-16 15:19:30 configure libtinfo6:amd64 6.1+20181013-2+deb10u1 <none>
2019-09-16 15:19:30 status unpacked libtinfo6:amd64 6.1+20181013-2+deb10u1
2019-09-16 15:19:30 status half-configured libtinfo6:amd64 6.1+20181013-2+deb10u1
2019-09-16 15:19:31 status installed libtinfo6:amd64 6.1+20181013-2+deb10u1
2019-09-16 15:19:31 configure bash:amd64 5.0-4 <none>
2019-09-16 15:19:31 status unpacked bash:amd64 5.0-4
2019-09-16 15:19:32 status half-configured bash:amd64 5.0-4
2019-09-16 15:19:33 status installed bash:amd64 5.0-4
2019-09-16 15:19:33 configure libzstd1:amd64 1.3.8+dfsg-3 <none>
2019-09-16 15:19:33 status unpacked libzstd1:amd64 1.3.8+dfsg-3
2019-09-16 15:19:33 status half-configured libzstd1:amd64 1.3.8+dfsg-3
2019-09-16 15:19:34 status installed libzstd1:amd64 1.3.8+dfsg-3
2019-09-16 15:19:34 configure liblzma5:amd64 5.2.4-1 <none>
2019-09-16 15:19:34 status unpacked liblzma5:amd64 5.2.4-1
2019-09-16 15:19:34 status half-configured liblzma5:amd64 5.2.4-1
2019-09-16 15:19:34 status installed liblzma5:amd64 5.2.4-1
2019-09-16 15:19:35 configure libgpg-error0:amd64 1.35-1 <none>
2019-09-16 15:19:35 status unpacked libgpg-error0:amd64 1.35-1
2019-09-16 15:19:35 status half-configured libgpg-error0:amd64 1.35-1
2019-09-16 15:19:35 status installed libgpg-error0:amd64 1.35-1
2019-09-16 15:19:36 configure libgcc1:amd64 1:8.3.0-6 <none>
2019-09-16 15:19:36 status unpacked libgcc1:amd64 1:8.3.0-6
2019-09-16 15:19:36 status half-configured libgcc1:amd64 1:8.3.0-6
2019-09-16 15:19:36 status installed libgcc1:amd64 1:8.3.0-6
2019-09-16 15:19:37 configure liblz4-1:amd64 1.8.3-1 <none>
2019-09-16 15:19:37 status unpacked liblz4-1:amd64 1.8.3-1
2019-09-16 15:19:37 status half-configured liblz4-1:amd64 1.8.3-1
2019-09-16 15:19:37 status installed liblz4-1:amd64 1.8.3-1
2019-09-16 15:19:38 configure libc-bin:amd64 2.28-10 <none>
2019-09-16 15:19:38 status unpacked libc-bin:amd64 2.28-10
2019-09-16 15:19:39 status half-configured libc-bin:amd64 2.28-10
2019-09-16 15:19:40 status installed libc-bin:amd64 2.28-10
2019-09-16 15:19:40 configure ncurses-bin:amd64 6.1+20181013-2+deb10u1 <none>
2019-09-16 15:19:40 status unpacked ncurses-bin:amd64 6.1+20181013-2+deb10u1
2019-09-16 15:19:41 status half-configured ncurses-bin:amd64 6.1+20181013-2+deb10u1
2019-09-16 15:19:41 status installed ncurses-bin:amd64 6.1+20181013-2+deb10u1
2019-09-16 15:19:41 configure libacl1:amd64 2.2.53-4 <none>
2019-09-16 15:19:41 status triggers-pending libc-bin:amd64 2.28-10
2019-09-16 15:19:41 status unpacked libacl1:amd64 2.2.53-4
2019-09-16 15:19:42 status half-configured libacl1:amd64 2.2.53-4
2019-09-16 15:19:42 status installed libacl1:amd64 2.2.53-4
2019-09-16 15:19:42 configure libunistring2:amd64 0.9.10-1 <none>
2019-09-16 15:19:42 status unpacked libunistring2:amd64 0.9.10-1
2019-09-16 15:19:42 status half-configured libunistring2:amd64 0.9.10-1
2019-09-16 15:19:43 status installed libunistring2:amd64 0.9.10-1
2019-09-16 15:19:43 configure libsmartcols1:amd64 2.33.1-0.1 <none>
2019-09-16 15:19:43 status unpacked libsmartcols1:amd64 2.33.1-0.1
2019-09-16 15:19:43 status half-configured libsmartcols1:amd64 2.33.1-0.1
2019-09-16 15:19:44 status installed libsmartcols1:amd64 2.33.1-0.1
2019-09-16 15:19:44 configure libgcrypt20:amd64 1.8.4-5 <none>
2019-09-16 15:19:44 status unpacked libgcrypt20:amd64 1.8.4-5
2019-09-16 15:19:44 status half-configured libgcrypt20:amd64 1.8.4-5
2019-09-16 15:19:44 status installed libgcrypt20:amd64 1.8.4-5
2019-09-16 15:19:45 configure zlib1g:amd64 1:1.2.11.dfsg-1 <none>
2019-09-16 15:19:45 status unpacked zlib1g:amd64 1:1.2.11.dfsg-1
2019-09-16 15:19:45 status half-configured zlib1g:amd64 1:1.2.11.dfsg-1
2019-09-16 15:19:45 status installed zlib1g:amd64 1:1.2.11.dfsg-1
2019-09-16 15:19:46 configure libffi6:amd64 3.2.1-9 <none>
2019-09-16 15:19:46 status unpacked libffi6:amd64 3.2.1-9
2019-09-16 15:19:46 status half-configured libffi6:amd64 3.2.1-9
2019-09-16 15:19:46 status installed libffi6:amd64 3.2.1-9
2019-09-16 15:19:47 configure libidn2-0:amd64 2.0.5-1 <none>
2019-09-16 15:19:47 status unpacked libidn2-0:amd64 2.0.5-1
2019-09-16 15:19:47 status half-configured libidn2-0:amd64 2.0.5-1
2019-09-16 15:19:47 status installed libidn2-0:amd64 2.0.5-1
2019-09-16 15:19:48 configure libcom-err2:amd64 1.44.5-1+deb10u1 <none>
2019-09-16 15:19:48 status unpacked libcom-err2:amd64 1.44.5-1+deb10u1
2019-09-16 15:19:48 status half-configured libcom-err2:amd64 1.44.5-1+deb10u1
2019-09-16 15:19:48 status installed libcom-err2:amd64 1.44.5-1+deb10u1
2019-09-16 15:19:49 configure diffutils:amd64 1:3.7-3 <none>
2019-09-16 15:19:49 status unpacked diffutils:amd64 1:3.7-3
2019-09-16 15:19:49 status half-configured diffutils:amd64 1:3.7-3
2019-09-16 15:19:49 status installed diffutils:amd64 1:3.7-3
2019-09-16 15:19:50 configure libseccomp2:amd64 2.3.3-4 <none>
2019-09-16 15:19:50 status unpacked libseccomp2:amd64 2.3.3-4
2019-09-16 15:19:50 status half-configured libseccomp2:amd64 2.3.3-4
2019-09-16 15:19:51 status installed libseccomp2:amd64 2.3.3-4
2019-09-16 15:19:51 configure libsystemd0:amd64 241-7~deb10u1 <none>
2019-09-16 15:19:51 status unpacked libsystemd0:amd64 241-7~deb10u1
2019-09-16 15:19:51 status half-configured libsystemd0:amd64 241-7~deb10u1
2019-09-16 15:19:52 status installed libsystemd0:amd64 241-7~deb10u1
2019-09-16 15:19:52 configure hostname:amd64 3.21 <none>
2019-09-16 15:19:52 status unpacked hostname:amd64 3.21
2019-09-16 15:19:52 status half-configured hostname:amd64 3.21
2019-09-16 15:19:53 status installed hostname:amd64 3.21
2019-09-16 15:19:53 configure libpcre3:amd64 2:8.39-12 <none>
2019-09-16 15:19:53 status unpacked libpcre3:amd64 2:8.39-12
2019-09-16 15:19:53 status half-configured libpcre3:amd64 2:8.39-12
2019-09-16 15:19:54 status installed libpcre3:amd64 2:8.39-12
2019-09-16 15:19:54 configure libcap-ng0:amd64 0.7.9-2 <none>
2019-09-16 15:19:54 status unpacked libcap-ng0:amd64 0.7.9-2
2019-09-16 15:19:54 status half-configured libcap-ng0:amd64 0.7.9-2
2019-09-16 15:19:55 status installed libcap-ng0:amd64 0.7.9-2
2019-09-16 15:19:55 configure libext2fs2:amd64 1.44.5-1+deb10u1 <none>
2019-09-16 15:19:55 status unpacked libext2fs2:amd64 1.44.5-1+deb10u1
2019-09-16 15:19:55 status half-configured libext2fs2:amd64 1.44.5-1+deb10u1
2019-09-16 15:19:56 status installed libext2fs2:amd64 1.44.5-1+deb10u1
2019-09-16 15:19:56 configure libgmp10:amd64 2:6.1.2+dfsg-4 <none>
2019-09-16 15:19:56 status unpacked libgmp10:amd64 2:6.1.2+dfsg-4
2019-09-16 15:19:56 status half-configured libgmp10:amd64 2:6.1.2+dfsg-4
2019-09-16 15:19:57 status installed libgmp10:amd64 2:6.1.2+dfsg-4
2019-09-16 15:19:57 configure libp11-kit0:amd64 0.23.15-2 <none>
2019-09-16 15:19:57 status unpacked libp11-kit0:amd64 0.23.15-2
2019-09-16 15:19:57 status half-configured libp11-kit0:amd64 0.23.15-2
2019-09-16 15:19:58 status installed libp11-kit0:amd64 0.23.15-2
2019-09-16 15:19:58 configure libaudit1:amd64 1:2.8.4-3 <none>
2019-09-16 15:19:58 status unpacked libaudit1:amd64 1:2.8.4-3
2019-09-16 15:19:58 status half-configured libaudit1:amd64 1:2.8.4-3
2019-09-16 15:19:59 status installed libaudit1:amd64 1:2.8.4-3
2019-09-16 15:19:59 configure libuuid1:amd64 2.33.1-0.1 <none>
2019-09-16 15:19:59 status unpacked libuuid1:amd64 2.33.1-0.1
2019-09-16 15:20:00 status half-configured libuuid1:amd64 2.33.1-0.1
2019-09-16 15:20:00 status installed libuuid1:amd64 2.33.1-0.1
2019-09-16 15:20:01 configure libss2:amd64 1.44.5-1+deb10u1 <none>
2019-09-16 15:20:01 status unpacked libss2:amd64 1.44.5-1+deb10u1
2019-09-16 15:20:01 status half-configured libss2:amd64 1.44.5-1+deb10u1
2019-09-16 15:20:02 status installed libss2:amd64 1.44.5-1+deb10u1
2019-09-16 15:20:02 configure libncursesw6:amd64 6.1+20181013-2+deb10u1 <none>
2019-09-16 15:20:02 status unpacked libncursesw6:amd64 6.1+20181013-2+deb10u1
2019-09-16 15:20:03 status half-configured libncursesw6:amd64 6.1+20181013-2+deb10u1
2019-09-16 15:20:03 status installed libncursesw6:amd64 6.1+20181013-2+deb10u1
2019-09-16 15:20:04 configure libnettle6:amd64 3.4.1-1 <none>
2019-09-16 15:20:04 status unpacked libnettle6:amd64 3.4.1-1
2019-09-16 15:20:05 status half-configured libnettle6:amd64 3.4.1-1
2019-09-16 15:20:05 status installed libnettle6:amd64 3.4.1-1
2019-09-16 15:20:06 configure gpgv:amd64 2.2.12-1+deb10u1 <none>
2019-09-16 15:20:06 status unpacked gpgv:amd64 2.2.12-1+deb10u1
2019-09-16 15:20:07 status half-configured gpgv:amd64 2.2.12-1+deb10u1
2019-09-16 15:20:07 status installed gpgv:amd64 2.2.12-1+deb10u1
2019-09-16 15:20:08 configure libblkid1:amd64 2.33.1-0.1 <none>
2019-09-16 15:20:08 status unpacked libblkid1:amd64 2.33.1-0.1
2019-09-16 15:20:08 status half-configured libblkid1:amd64 2.33.1-0.1
2019-09-16 15:20:09 status installed libblkid1:amd64 2.33.1-0.1
2019-09-16 15:20:10 configure libstdc++6:amd64 8.3.0-6 <none>
2019-09-16 15:20:10 status unpacked libstdc++6:amd64 8.3.0-6
2019-09-16 15:20:10 status half-configured libstdc++6:amd64 8.3.0-6
2019-09-16 15:20:11 status installed libstdc++6:amd64 8.3.0-6
2019-09-16 15:20:11 configure bsdutils:amd64 1:2.33.1-0.1 <none>
2019-09-16 15:20:11 status unpacked bsdutils:amd64 1:2.33.1-0.1
2019-09-16 15:20:12 status half-configured bsdutils:amd64 1:2.33.1-0.1
2019-09-16 15:20:13 status installed bsdutils:amd64 1:2.33.1-0.1
2019-09-16 15:20:13 configure libhogweed4:amd64 3.4.1-1 <none>
2019-09-16 15:20:13 status unpacked libhogweed4:amd64 3.4.1-1
2019-09-16 15:20:14 status half-configured libhogweed4:amd64 3.4.1-1
2019-09-16 15:20:15 status installed libhogweed4:amd64 3.4.1-1
2019-09-16 15:20:16 configure e2fsprogs:amd64 1.44.5-1+deb10u1 <none>
2019-09-16 15:20:16 status unpacked e2fsprogs:amd64 1.44.5-1+deb10u1
2019-09-16 15:20:17 status half-configured e2fsprogs:amd64 1.44.5-1+deb10u1
2019-09-16 15:20:18 status installed e2fsprogs:amd64 1.44.5-1+deb10u1
2019-09-16 15:20:18 configure libselinux1:amd64 2.8-1+b1 <none>
2019-09-16 15:20:18 status unpacked libselinux1:amd64 2.8-1+b1
2019-09-16 15:20:19 status half-configured libselinux1:amd64 2.8-1+b1
2019-09-16 15:20:20 status installed libselinux1:amd64 2.8-1+b1
2019-09-16 15:20:21 configure libgnutls30:amd64 3.6.7-4 <none>
2019-09-16 15:20:21 status unpacked libgnutls30:amd64 3.6.7-4
2019-09-16 15:20:22 status half-configured libgnutls30:amd64 3.6.7-4
2019-09-16 15:20:24 status installed libgnutls30:amd64 3.6.7-4
2019-09-16 15:20:25 configure sed:amd64 4.7-1 <none>
2019-09-16 15:20:25 status unpacked sed:amd64 4.7-1
2019-09-16 15:20:25 status half-configured sed:amd64 4.7-1
2019-09-16 15:20:26 status installed sed:amd64 4.7-1
2019-09-16 15:20:26 configure libfdisk1:amd64 2.33.1-0.1 <none>
2019-09-16 15:20:26 status unpacked libfdisk1:amd64 2.33.1-0.1
2019-09-16 15:20:26 status half-configured libfdisk1:amd64 2.33.1-0.1
2019-09-16 15:20:27 status installed libfdisk1:amd64 2.33.1-0.1
2019-09-16 15:20:27 configure findutils:amd64 4.6.0+git+20190209-2 <none>
2019-09-16 15:20:27 status unpacked findutils:amd64 4.6.0+git+20190209-2
2019-09-16 15:20:28 status half-configured findutils:amd64 4.6.0+git+20190209-2
2019-09-16 15:20:28 status installed findutils:amd64 4.6.0+git+20190209-2
2019-09-16 15:20:29 configure libmount1:amd64 2.33.1-0.1 <none>
2019-09-16 15:20:29 status unpacked libmount1:amd64 2.33.1-0.1
2019-09-16 15:20:29 status half-configured libmount1:amd64 2.33.1-0.1
2019-09-16 15:20:30 status installed libmount1:amd64 2.33.1-0.1
2019-09-16 15:20:30 configure libapt-pkg5.0:amd64 1.8.2 <none>
2019-09-16 15:20:30 status unpacked libapt-pkg5.0:amd64 1.8.2
2019-09-16 15:20:31 status half-configured libapt-pkg5.0:amd64 1.8.2
2019-09-16 15:20:31 status installed libapt-pkg5.0:amd64 1.8.2
2019-09-16 15:20:32 configure libsemanage1:amd64 2.8-2 <none>
2019-09-16 15:20:32 status unpacked libsemanage1:amd64 2.8-2
2019-09-16 15:20:32 status half-configured libsemanage1:amd64 2.8-2
2019-09-16 15:20:33 status installed libsemanage1:amd64 2.8-2
2019-09-16 15:20:33 configure tar:amd64 1.30+dfsg-6 <none>
2019-09-16 15:20:33 status unpacked tar:amd64 1.30+dfsg-6
2019-09-16 15:20:34 status half-configured tar:amd64 1.30+dfsg-6
2019-09-16 15:20:35 status installed tar:amd64 1.30+dfsg-6
2019-09-16 15:20:35 configure coreutils:amd64 8.30-3 <none>
2019-09-16 15:20:35 status unpacked coreutils:amd64 8.30-3
2019-09-16 15:20:36 status half-configured coreutils:amd64 8.30-3
2019-09-16 15:20:36 status installed coreutils:amd64 8.30-3
2019-09-16 15:20:37 configure fdisk:amd64 2.33.1-0.1 <none>
2019-09-16 15:20:37 status unpacked fdisk:amd64 2.33.1-0.1
2019-09-16 15:20:37 status half-configured fdisk:amd64 2.33.1-0.1
2019-09-16 15:20:38 status installed fdisk:amd64 2.33.1-0.1
2019-09-16 15:20:38 configure dpkg:amd64 1.19.7 <none>
2019-09-16 15:20:38 status unpacked dpkg:amd64 1.19.7
2019-09-16 15:20:41 status half-configured dpkg:amd64 1.19.7
2019-09-16 15:20:42 status installed dpkg:amd64 1.19.7
2019-09-16 15:20:42 configure grep:amd64 3.3-1 <none>
2019-09-16 15:20:42 status unpacked grep:amd64 3.3-1
2019-09-16 15:20:43 status half-configured grep:amd64 3.3-1
2019-09-16 15:20:43 status installed grep:amd64 3.3-1
2019-09-16 15:20:44 configure perl-base:amd64 5.28.1-6 <none>
2019-09-16 15:20:44 status unpacked perl-base:amd64 5.28.1-6
2019-09-16 15:20:45 status half-configured perl-base:amd64 5.28.1-6
2019-09-16 15:20:45 status installed perl-base:amd64 5.28.1-6
2019-09-16 15:20:46 configure init-system-helpers:all 1.56+nmu1 <none>
2019-09-16 15:20:46 status unpacked init-system-helpers:all 1.56+nmu1
2019-09-16 15:20:47 status half-configured init-system-helpers:all 1.56+nmu1
2019-09-16 15:20:47 status installed init-system-helpers:all 1.56+nmu1
2019-09-16 15:20:48 configure gzip:amd64 1.9-3 <none>
2019-09-16 15:20:48 status unpacked gzip:amd64 1.9-3
2019-09-16 15:20:48 status half-configured gzip:amd64 1.9-3
2019-09-16 15:20:49 status installed gzip:amd64 1.9-3
2019-09-16 15:20:50 configure debconf:all 1.5.71 <none>
2019-09-16 15:20:50 status unpacked debconf:all 1.5.71
2019-09-16 15:20:52 status half-configured debconf:all 1.5.71
2019-09-16 15:20:53 status installed debconf:all 1.5.71
2019-09-16 15:20:54 configure tzdata:all 2019b-0+deb10u1 <none>
2019-09-16 15:20:54 status unpacked tzdata:all 2019b-0+deb10u1
2019-09-16 15:20:54 status half-configured tzdata:all 2019b-0+deb10u1
2019-09-16 15:20:55 status installed tzdata:all 2019b-0+deb10u1
2019-09-16 15:20:56 configure libpam0g:amd64 1.3.1-5 <none>
2019-09-16 15:20:56 status unpacked libpam0g:amd64 1.3.1-5
2019-09-16 15:20:56 status half-configured libpam0g:amd64 1.3.1-5
2019-09-16 15:20:58 status installed libpam0g:amd64 1.3.1-5
2019-09-16 15:20:59 configure dash:amd64 0.5.10.2-5 <none>
2019-09-16 15:20:59 status unpacked dash:amd64 0.5.10.2-5
2019-09-16 15:20:59 status half-configured dash:amd64 0.5.10.2-5
2019-09-16 15:21:00 status installed dash:amd64 0.5.10.2-5
2019-09-16 15:21:01 configure libpam-modules-bin:amd64 1.3.1-5 <none>
2019-09-16 15:21:01 status unpacked libpam-modules-bin:amd64 1.3.1-5
2019-09-16 15:21:01 status half-configured libpam-modules-bin:amd64 1.3.1-5
2019-09-16 15:21:01 status installed libpam-modules-bin:amd64 1.3.1-5
2019-09-16 15:21:02 configure libpam-modules:amd64 1.3.1-5 <none>
2019-09-16 15:21:02 status unpacked libpam-modules:amd64 1.3.1-5
2019-09-16 15:21:07 status half-configured libpam-modules:amd64 1.3.1-5
2019-09-16 15:21:07 status installed libpam-modules:amd64 1.3.1-5
2019-09-16 15:21:08 configure passwd:amd64 1:4.5-1.1 <none>
2019-09-16 15:21:08 status unpacked passwd:amd64 1:4.5-1.1
2019-09-16 15:21:12 status half-configured passwd:amd64 1:4.5-1.1
2019-09-16 15:21:13 status installed passwd:amd64 1:4.5-1.1
2019-09-16 15:21:13 configure libpam-runtime:all 1.3.1-5 <none>
2019-09-16 15:21:13 status unpacked libpam-runtime:all 1.3.1-5
2019-09-16 15:21:15 status half-configured libpam-runtime:all 1.3.1-5
2019-09-16 15:21:16 status installed libpam-runtime:all 1.3.1-5
2019-09-16 15:21:17 configure login:amd64 1:4.5-1.1 <none>
2019-09-16 15:21:17 status unpacked login:amd64 1:4.5-1.1
2019-09-16 15:21:19 status half-configured login:amd64 1:4.5-1.1
2019-09-16 15:21:19 status installed login:amd64 1:4.5-1.1
2019-09-16 15:21:19 configure adduser:all 3.118 <none>
2019-09-16 15:21:19 status unpacked adduser:all 3.118
2019-09-16 15:21:20 status half-configured adduser:all 3.118
2019-09-16 15:21:21 status installed adduser:all 3.118
2019-09-16 15:21:22 configure apt:amd64 1.8.2 <none>
2019-09-16 15:21:22 status unpacked apt:amd64 1.8.2
2019-09-16 15:21:24 status half-configured apt:amd64 1.8.2
2019-09-16 15:21:26 status installed apt:amd64 1.8.2
2019-09-16 15:21:27 configure util-linux:amd64 2.33.1-0.1 <none>
2019-09-16 15:21:27 status unpacked util-linux:amd64 2.33.1-0.1
2019-09-16 15:21:30 status half-configured util-linux:amd64 2.33.1-0.1
2019-09-16 15:21:31 status installed util-linux:amd64 2.33.1-0.1
2019-09-16 15:21:32 configure mount:amd64 2.33.1-0.1 <none>
2019-09-16 15:21:32 status unpacked mount:amd64 2.33.1-0.1
2019-09-16 15:21:32 status half-configured mount:amd64 2.33.1-0.1
2019-09-16 15:21:33 status installed mount:amd64 2.33.1-0.1
2019-09-16 15:21:33 configure sysvinit-utils:amd64 2.93-8 <none>
2019-09-16 15:21:33 status unpacked sysvinit-utils:amd64 2.93-8
2019-09-16 15:21:34 status half-configured sysvinit-utils:amd64 2.93-8
2019-09-16 15:21:34 status installed sysvinit-utils:amd64 2.93-8
2019-09-16 15:21:35 trigproc libc-bin:amd64 2.28-10 <none>
2019-09-16 15:21:35 status half-configured libc-bin:amd64 2.28-10
2019-09-16 15:21:35 status installed libc-bin:amd64 2.28-10
2019-09-16 15:21:51 startup archives install
2019-09-16 15:21:51 install libapparmor1:amd64 <none> 2.13.2-10
2019-09-16 15:21:51 status triggers-pending libc-bin:amd64 2.28-10
2019-09-16 15:21:52 status half-installed libapparmor1:amd64 2.13.2-10
2019-09-16 15:21:54 status unpacked libapparmor1:amd64 2.13.2-10
2019-09-16 15:21:55 install libargon2-1:amd64 <none> 0~20171227-0.2
2019-09-16 15:21:55 status half-installed libargon2-1:amd64 0~20171227-0.2
2019-09-16 15:21:56 status unpacked libargon2-1:amd64 0~20171227-0.2
2019-09-16 15:21:58 install libcryptsetup12:amd64 <none> 2:2.1.0-5+deb10u2
2019-09-16 15:21:58 status half-installed libcryptsetup12:amd64 2:2.1.0-5+deb10u2
2019-09-16 15:21:59 status unpacked libcryptsetup12:amd64 2:2.1.0-5+deb10u2
2019-09-16 15:22:00 install libip4tc0:amd64 <none> 1.8.2-4
2019-09-16 15:22:00 status half-installed libip4tc0:amd64 1.8.2-4
2019-09-16 15:22:01 status unpacked libip4tc0:amd64 1.8.2-4
2019-09-16 15:22:02 install libjson-c3:amd64 <none> 0.12.1+ds-2
2019-09-16 15:22:02 status half-installed libjson-c3:amd64 0.12.1+ds-2
2019-09-16 15:22:04 status unpacked libjson-c3:amd64 0.12.1+ds-2
2019-09-16 15:22:05 install libkmod2:amd64 <none> 26-1
2019-09-16 15:22:05 status half-installed libkmod2:amd64 26-1
2019-09-16 15:22:06 status unpacked libkmod2:amd64 26-1
2019-09-16 15:22:07 install libcap2:amd64 <none> 1:2.25-2
2019-09-16 15:22:07 status half-installed libcap2:amd64 1:2.25-2
2019-09-16 15:22:09 status unpacked libcap2:amd64 1:2.25-2
2019-09-16 15:22:10 install libidn11:amd64 <none> 1.33-2.2
2019-09-16 15:22:10 status half-installed libidn11:amd64 1.33-2.2
2019-09-16 15:22:12 status unpacked libidn11:amd64 1.33-2.2
2019-09-16 15:22:13 install dmsetup:amd64 <none> 2:1.02.155-3
2019-09-16 15:22:13 status half-installed dmsetup:amd64 2:1.02.155-3
2019-09-16 15:22:15 status unpacked dmsetup:amd64 2:1.02.155-3
2019-09-16 15:22:16 install libdevmapper1.02.1:amd64 <none> 2:1.02.155-3
2019-09-16 15:22:16 status half-installed libdevmapper1.02.1:amd64 2:1.02.155-3
2019-09-16 15:22:18 status unpacked libdevmapper1.02.1:amd64 2:1.02.155-3
2019-09-16 15:22:20 install libssl1.1:amd64 <none> 1.1.1c-1
2019-09-16 15:22:20 status half-installed libssl1.1:amd64 1.1.1c-1
2019-09-16 15:22:22 status unpacked libssl1.1:amd64 1.1.1c-1
2019-09-16 15:22:24 install systemd:amd64 <none> 241-7~deb10u1
2019-09-16 15:22:24 status half-installed systemd:amd64 241-7~deb10u1
2019-09-16 15:23:02 status unpacked systemd:amd64 241-7~deb10u1
2019-09-16 15:23:03 configure libapparmor1:amd64 2.13.2-10 2.13.2-10
2019-09-16 15:23:03 status half-configured libapparmor1:amd64 2.13.2-10
2019-09-16 15:23:04 status installed libapparmor1:amd64 2.13.2-10
2019-09-16 15:23:04 configure libargon2-1:amd64 0~20171227-0.2 0~20171227-0.2
2019-09-16 15:23:05 status half-configured libargon2-1:amd64 0~20171227-0.2
2019-09-16 15:23:05 status installed libargon2-1:amd64 0~20171227-0.2
2019-09-16 15:23:06 configure libip4tc0:amd64 1.8.2-4 1.8.2-4
2019-09-16 15:23:06 status half-configured libip4tc0:amd64 1.8.2-4
2019-09-16 15:23:07 status installed libip4tc0:amd64 1.8.2-4
2019-09-16 15:23:07 configure libjson-c3:amd64 0.12.1+ds-2 0.12.1+ds-2
2019-09-16 15:23:07 status half-configured libjson-c3:amd64 0.12.1+ds-2
2019-09-16 15:23:08 status installed libjson-c3:amd64 0.12.1+ds-2
2019-09-16 15:23:08 configure libcap2:amd64 1:2.25-2 1:2.25-2
2019-09-16 15:23:09 status half-configured libcap2:amd64 1:2.25-2
2019-09-16 15:23:11 status installed libcap2:amd64 1:2.25-2
2019-09-16 15:23:11 configure libidn11:amd64 1.33-2.2 1.33-2.2
2019-09-16 15:23:11 status half-configured libidn11:amd64 1.33-2.2
2019-09-16 15:23:12 status installed libidn11:amd64 1.33-2.2
2019-09-16 15:23:12 configure libssl1.1:amd64 1.1.1c-1 1.1.1c-1
2019-09-16 15:23:13 status half-configured libssl1.1:amd64 1.1.1c-1
2019-09-16 15:23:15 status installed libssl1.1:amd64 1.1.1c-1
2019-09-16 15:23:16 configure libkmod2:amd64 26-1 26-1
2019-09-16 15:23:16 status half-configured libkmod2:amd64 26-1
2019-09-16 15:23:17 status installed libkmod2:amd64 26-1
2019-09-16 15:23:17 configure libdevmapper1.02.1:amd64 2:1.02.155-3 2:1.02.155-3
2019-09-16 15:23:18 status half-configured libdevmapper1.02.1:amd64 2:1.02.155-3
2019-09-16 15:23:18 status installed libdevmapper1.02.1:amd64 2:1.02.155-3
2019-09-16 15:23:19 configure libcryptsetup12:amd64 2:2.1.0-5+deb10u2 2:2.1.0-5+deb10u2
2019-09-16 15:23:20 status half-configured libcryptsetup12:amd64 2:2.1.0-5+deb10u2
2019-09-16 15:23:20 status installed libcryptsetup12:amd64 2:2.1.0-5+deb10u2
2019-09-16 15:23:21 configure dmsetup:amd64 2:1.02.155-3 2:1.02.155-3
2019-09-16 15:23:21 status half-configured dmsetup:amd64 2:1.02.155-3
2019-09-16 15:23:22 status installed dmsetup:amd64 2:1.02.155-3
2019-09-16 15:23:22 configure systemd:amd64 241-7~deb10u1 241-7~deb10u1
2019-09-16 15:23:32 status half-configured systemd:amd64 241-7~deb10u1
2019-09-16 15:23:38 status installed systemd:amd64 241-7~deb10u1
2019-09-16 15:23:38 trigproc libc-bin:amd64 2.28-10 <none>
2019-09-16 15:23:38 status half-configured libc-bin:amd64 2.28-10
2019-09-16 15:23:39 status installed libc-bin:amd64 2.28-10
2019-09-16 15:23:57 startup archives install
2019-09-16 15:23:57 install systemd-sysv:amd64 <none> 241-7~deb10u1
2019-09-16 15:23:57 status half-installed systemd-sysv:amd64 241-7~deb10u1
2019-09-16 15:24:00 status unpacked systemd-sysv:amd64 241-7~deb10u1
2019-09-16 15:24:00 configure systemd-sysv:amd64 241-7~deb10u1 241-7~deb10u1
2019-09-16 15:24:01 status half-configured systemd-sysv:amd64 241-7~deb10u1
2019-09-16 15:24:01 status installed systemd-sysv:amd64 241-7~deb10u1
2019-09-16 15:24:03 startup archives unpack
2019-09-16 15:24:03 install apt-utils:amd64 <none> 1.8.2
2019-09-16 15:24:03 status half-installed apt-utils:amd64 1.8.2
2019-09-16 15:24:10 status unpacked apt-utils:amd64 1.8.2
2019-09-16 15:24:11 install libapt-inst2.0:amd64 <none> 1.8.2
2019-09-16 15:24:11 status triggers-pending libc-bin:amd64 2.28-10
2019-09-16 15:24:11 status half-installed libapt-inst2.0:amd64 1.8.2
2019-09-16 15:24:15 status unpacked libapt-inst2.0:amd64 1.8.2
2019-09-16 15:24:16 install libdns-export1104:amd64 <none> 1:9.11.5.P4+dfsg-5.1
2019-09-16 15:24:16 status half-installed libdns-export1104:amd64 1:9.11.5.P4+dfsg-5.1
2019-09-16 15:24:18 status unpacked libdns-export1104:amd64 1:9.11.5.P4+dfsg-5.1
2019-09-16 15:24:18 install libisc-export1100:amd64 <none> 1:9.11.5.P4+dfsg-5.1
2019-09-16 15:24:18 status half-installed libisc-export1100:amd64 1:9.11.5.P4+dfsg-5.1
2019-09-16 15:24:20 status unpacked libisc-export1100:amd64 1:9.11.5.P4+dfsg-5.1
2019-09-16 15:24:21 install bsdmainutils:amd64 <none> 11.1.2+b1
2019-09-16 15:24:21 status half-installed bsdmainutils:amd64 11.1.2+b1
2019-09-16 15:24:29 status unpacked bsdmainutils:amd64 11.1.2+b1
2019-09-16 15:24:30 install cpio:amd64 <none> 2.12+dfsg-9
2019-09-16 15:24:30 status half-installed cpio:amd64 2.12+dfsg-9
2019-09-16 15:24:34 status unpacked cpio:amd64 2.12+dfsg-9
2019-09-16 15:24:35 install cron:amd64 <none> 3.0pl1-134
2019-09-16 15:24:35 status half-installed cron:amd64 3.0pl1-134
2019-09-16 15:24:35 status triggers-pending systemd:amd64 241-7~deb10u1
2019-09-16 15:24:38 status unpacked cron:amd64 3.0pl1-134
2019-09-16 15:24:39 install debconf-i18n:all <none> 1.5.71
2019-09-16 15:24:39 status half-installed debconf-i18n:all 1.5.71
2019-09-16 15:24:46 status unpacked debconf-i18n:all 1.5.71
2019-09-16 15:24:47 install dmidecode:amd64 <none> 3.2-1
2019-09-16 15:24:47 status half-installed dmidecode:amd64 3.2-1
2019-09-16 15:24:49 status unpacked dmidecode:amd64 3.2-1
2019-09-16 15:24:50 install libelf1:amd64 <none> 0.176-1.1
2019-09-16 15:24:50 status half-installed libelf1:amd64 0.176-1.1
2019-09-16 15:24:53 status unpacked libelf1:amd64 0.176-1.1
2019-09-16 15:24:54 install gdbm-l10n:all <none> 1.18.1-4
2019-09-16 15:24:54 status half-installed gdbm-l10n:all 1.18.1-4
2019-09-16 15:24:57 status unpacked gdbm-l10n:all 1.18.1-4
2019-09-16 15:24:59 install ifupdown:amd64 <none> 0.8.35
2019-09-16 15:24:59 status half-installed ifupdown:amd64 0.8.35
2019-09-16 15:25:02 status unpacked ifupdown:amd64 0.8.35
2019-09-16 15:25:02 install init:amd64 <none> 1.56+nmu1
2019-09-16 15:25:02 status half-installed init:amd64 1.56+nmu1
2019-09-16 15:25:03 status unpacked init:amd64 1.56+nmu1
2019-09-16 15:25:04 install iproute2:amd64 <none> 4.20.0-2
2019-09-16 15:25:04 status half-installed iproute2:amd64 4.20.0-2
2019-09-16 15:25:14 status unpacked iproute2:amd64 4.20.0-2
2019-09-16 15:25:15 install iptables:amd64 <none> 1.8.2-4
2019-09-16 15:25:15 status half-installed iptables:amd64 1.8.2-4
2019-09-16 15:25:26 status unpacked iptables:amd64 1.8.2-4
2019-09-16 15:25:28 install libip6tc0:amd64 <none> 1.8.2-4
2019-09-16 15:25:28 status half-installed libip6tc0:amd64 1.8.2-4
2019-09-16 15:25:29 status unpacked libip6tc0:amd64 1.8.2-4
2019-09-16 15:25:30 install libiptc0:amd64 <none> 1.8.2-4
2019-09-16 15:25:30 status half-installed libiptc0:amd64 1.8.2-4
2019-09-16 15:25:32 status unpacked libiptc0:amd64 1.8.2-4
2019-09-16 15:25:33 install libxtables12:amd64 <none> 1.8.2-4
2019-09-16 15:25:33 status half-installed libxtables12:amd64 1.8.2-4
2019-09-16 15:25:35 status unpacked libxtables12:amd64 1.8.2-4
2019-09-16 15:25:36 install iputils-ping:amd64 <none> 3:20180629-2
2019-09-16 15:25:36 status half-installed iputils-ping:amd64 3:20180629-2
2019-09-16 15:25:39 status unpacked iputils-ping:amd64 3:20180629-2
2019-09-16 15:25:41 install isc-dhcp-client:amd64 <none> 4.4.1-2
2019-09-16 15:25:41 status half-installed isc-dhcp-client:amd64 4.4.1-2
2019-09-16 15:25:43 status unpacked isc-dhcp-client:amd64 4.4.1-2
2019-09-16 15:25:45 install isc-dhcp-common:amd64 <none> 4.4.1-2
2019-09-16 15:25:45 status half-installed isc-dhcp-common:amd64 4.4.1-2
2019-09-16 15:25:46 status unpacked isc-dhcp-common:amd64 4.4.1-2
2019-09-16 15:25:48 install kmod:amd64 <none> 26-1
2019-09-16 15:25:48 status half-installed kmod:amd64 26-1
2019-09-16 15:25:51 status unpacked kmod:amd64 26-1
2019-09-16 15:25:52 install less:amd64 <none> 487-0.1+b1
2019-09-16 15:25:52 status half-installed less:amd64 487-0.1+b1
2019-09-16 15:25:55 status unpacked less:amd64 487-0.1+b1
2019-09-16 15:25:56 install libbsd0:amd64 <none> 0.9.1-2
2019-09-16 15:25:56 status half-installed libbsd0:amd64 0.9.1-2
2019-09-16 15:25:58 status unpacked libbsd0:amd64 0.9.1-2
2019-09-16 15:25:59 install libcap2-bin:amd64 <none> 1:2.25-2
2019-09-16 15:25:59 status half-installed libcap2-bin:amd64 1:2.25-2
2019-09-16 15:26:02 status unpacked libcap2-bin:amd64 1:2.25-2
2019-09-16 15:26:03 install libestr0:amd64 <none> 0.1.10-2.1
2019-09-16 15:26:03 status half-installed libestr0:amd64 0.1.10-2.1
2019-09-16 15:26:05 status unpacked libestr0:amd64 0.1.10-2.1
2019-09-16 15:26:07 install libfastjson4:amd64 <none> 0.99.8-2
2019-09-16 15:26:07 status half-installed libfastjson4:amd64 0.99.8-2
2019-09-16 15:26:09 status unpacked libfastjson4:amd64 0.99.8-2
2019-09-16 15:26:10 install liblocale-gettext-perl:amd64 <none> 1.07-3+b4
2019-09-16 15:26:10 status half-installed liblocale-gettext-perl:amd64 1.07-3+b4
2019-09-16 15:26:12 status unpacked liblocale-gettext-perl:amd64 1.07-3+b4
2019-09-16 15:26:13 install liblognorm5:amd64 <none> 2.0.5-1
2019-09-16 15:26:13 status half-installed liblognorm5:amd64 2.0.5-1
2019-09-16 15:26:14 status unpacked liblognorm5:amd64 2.0.5-1
2019-09-16 15:26:15 install libmnl0:amd64 <none> 1.0.4-2
2019-09-16 15:26:15 status half-installed libmnl0:amd64 1.0.4-2
2019-09-16 15:26:16 status unpacked libmnl0:amd64 1.0.4-2
2019-09-16 15:26:17 install libnetfilter-conntrack3:amd64 <none> 1.0.7-1
2019-09-16 15:26:17 status half-installed libnetfilter-conntrack3:amd64 1.0.7-1
2019-09-16 15:26:18 status unpacked libnetfilter-conntrack3:amd64 1.0.7-1
2019-09-16 15:26:19 install libnfnetlink0:amd64 <none> 1.0.1-3+b1
2019-09-16 15:26:19 status half-installed libnfnetlink0:amd64 1.0.1-3+b1
2019-09-16 15:26:19 status unpacked libnfnetlink0:amd64 1.0.1-3+b1
2019-09-16 15:26:20 install libnftnl11:amd64 <none> 1.1.2-2
2019-09-16 15:26:20 status half-installed libnftnl11:amd64 1.1.2-2
2019-09-16 15:26:21 status unpacked libnftnl11:amd64 1.1.2-2
2019-09-16 15:26:22 install libtext-charwidth-perl:amd64 <none> 0.04-7.1+b1
2019-09-16 15:26:22 status half-installed libtext-charwidth-perl:amd64 0.04-7.1+b1
2019-09-16 15:26:23 status unpacked libtext-charwidth-perl:amd64 0.04-7.1+b1
2019-09-16 15:26:24 install libtext-iconv-perl:amd64 <none> 1.7-5+b7
2019-09-16 15:26:24 status half-installed libtext-iconv-perl:amd64 1.7-5+b7
2019-09-16 15:26:25 status unpacked libtext-iconv-perl:amd64 1.7-5+b7
2019-09-16 15:26:26 install libtext-wrapi18n-perl:all <none> 0.06-7.1
2019-09-16 15:26:26 status half-installed libtext-wrapi18n-perl:all 0.06-7.1
2019-09-16 15:26:27 status unpacked libtext-wrapi18n-perl:all 0.06-7.1
2019-09-16 15:26:28 install logrotate:amd64 <none> 3.14.0-4
2019-09-16 15:26:28 status half-installed logrotate:amd64 3.14.0-4
2019-09-16 15:26:29 status unpacked logrotate:amd64 3.14.0-4
2019-09-16 15:26:30 install lsb-base:all <none> 10.2019051400
2019-09-16 15:26:30 status half-installed lsb-base:all 10.2019051400
2019-09-16 15:26:31 status unpacked lsb-base:all 10.2019051400
2019-09-16 15:26:31 install nano:amd64 <none> 3.2-3
2019-09-16 15:26:31 status half-installed nano:amd64 3.2-3
2019-09-16 15:26:39 status unpacked nano:amd64 3.2-3
2019-09-16 15:26:40 install libncurses6:amd64 <none> 6.1+20181013-2+deb10u1
2019-09-16 15:26:40 status half-installed libncurses6:amd64 6.1+20181013-2+deb10u1
2019-09-16 15:26:41 status unpacked libncurses6:amd64 6.1+20181013-2+deb10u1
2019-09-16 15:26:42 install netbase:all <none> 5.6
2019-09-16 15:26:42 status half-installed netbase:all 5.6
2019-09-16 15:26:44 status unpacked netbase:all 5.6
2019-09-16 15:26:45 install libnewt0.52:amd64 <none> 0.52.20-8
2019-09-16 15:26:45 status half-installed libnewt0.52:amd64 0.52.20-8
2019-09-16 15:26:52 status unpacked libnewt0.52:amd64 0.52.20-8
2019-09-16 15:26:52 install whiptail:amd64 <none> 0.52.20-8
2019-09-16 15:26:52 status half-installed whiptail:amd64 0.52.20-8
2019-09-16 15:26:54 status unpacked whiptail:amd64 0.52.20-8
2019-09-16 15:26:54 install libpopt0:amd64 <none> 1.16-12
2019-09-16 15:26:54 status half-installed libpopt0:amd64 1.16-12
2019-09-16 15:26:58 status unpacked libpopt0:amd64 1.16-12
2019-09-16 15:26:58 install libprocps7:amd64 <none> 2:3.3.15-2
2019-09-16 15:26:58 status half-installed libprocps7:amd64 2:3.3.15-2
2019-09-16 15:27:01 status unpacked libprocps7:amd64 2:3.3.15-2
2019-09-16 15:27:02 install procps:amd64 <none> 2:3.3.15-2
2019-09-16 15:27:02 status half-installed procps:amd64 2:3.3.15-2
2019-09-16 15:27:06 status unpacked procps:amd64 2:3.3.15-2
2019-09-16 15:27:07 install readline-common:all <none> 7.0-5
2019-09-16 15:27:07 status half-installed readline-common:all 7.0-5
2019-09-16 15:27:08 status unpacked readline-common:all 7.0-5
2019-09-16 15:27:09 install rsyslog:amd64 <none> 8.1901.0-1
2019-09-16 15:27:09 status half-installed rsyslog:amd64 8.1901.0-1
2019-09-16 15:27:14 status unpacked rsyslog:amd64 8.1901.0-1
2019-09-16 15:27:15 install sensible-utils:all <none> 0.0.12
2019-09-16 15:27:15 status half-installed sensible-utils:all 0.0.12
2019-09-16 15:27:18 status unpacked sensible-utils:all 0.0.12
2019-09-16 15:27:19 install libslang2:amd64 <none> 2.3.2-2
2019-09-16 15:27:19 status half-installed libslang2:amd64 2.3.2-2
2019-09-16 15:27:21 status unpacked libslang2:amd64 2.3.2-2
2019-09-16 15:27:23 install udev:amd64 <none> 241-7~deb10u1
2019-09-16 15:27:23 status half-installed udev:amd64 241-7~deb10u1
2019-09-16 15:27:34 status unpacked udev:amd64 241-7~deb10u1
2019-09-16 15:27:36 install tasksel:all <none> 3.53
2019-09-16 15:27:36 status half-installed tasksel:all 3.53
2019-09-16 15:27:46 status unpacked tasksel:all 3.53
2019-09-16 15:27:47 install tasksel-data:all <none> 3.53
2019-09-16 15:27:47 status half-installed tasksel-data:all 3.53
2019-09-16 15:27:54 status unpacked tasksel-data:all 3.53
2019-09-16 15:27:56 install vim-common:all <none> 2:8.1.0875-5
2019-09-16 15:27:56 status half-installed vim-common:all 2:8.1.0875-5
2019-09-16 15:28:05 status unpacked vim-common:all 2:8.1.0875-5
2019-09-16 15:28:07 install vim-tiny:amd64 <none> 2:8.1.0875-5
2019-09-16 15:28:07 status half-installed vim-tiny:amd64 2:8.1.0875-5
2019-09-16 15:28:10 status unpacked vim-tiny:amd64 2:8.1.0875-5
2019-09-16 15:28:14 install xxd:amd64 <none> 2:8.1.0875-5
2019-09-16 15:28:14 status half-installed xxd:amd64 2:8.1.0875-5
2019-09-16 15:28:18 status unpacked xxd:amd64 2:8.1.0875-5
2019-09-16 15:28:20 trigproc libc-bin:amd64 2.28-10 <none>
2019-09-16 15:28:20 status half-configured libc-bin:amd64 2.28-10
2019-09-16 15:28:21 status installed libc-bin:amd64 2.28-10
2019-09-16 15:28:23 trigproc systemd:amd64 241-7~deb10u1 <none>
2019-09-16 15:28:23 status half-configured systemd:amd64 241-7~deb10u1
2019-09-16 15:28:24 status installed systemd:amd64 241-7~deb10u1
2019-09-16 15:28:25 startup packages configure
2019-09-16 15:28:25 configure cpio:amd64 2.12+dfsg-9 <none>
2019-09-16 15:28:25 status unpacked cpio:amd64 2.12+dfsg-9
2019-09-16 15:28:27 status half-configured cpio:amd64 2.12+dfsg-9
2019-09-16 15:28:28 status installed cpio:amd64 2.12+dfsg-9
2019-09-16 15:28:29 configure libtext-iconv-perl:amd64 1.7-5+b7 <none>
2019-09-16 15:28:29 status unpacked libtext-iconv-perl:amd64 1.7-5+b7
2019-09-16 15:28:31 status half-configured libtext-iconv-perl:amd64 1.7-5+b7
2019-09-16 15:28:32 status installed libtext-iconv-perl:amd64 1.7-5+b7
2019-09-16 15:28:33 configure libtext-charwidth-perl:amd64 0.04-7.1+b1 <none>
2019-09-16 15:28:33 status unpacked libtext-charwidth-perl:amd64 0.04-7.1+b1
2019-09-16 15:28:33 status half-configured libtext-charwidth-perl:amd64 0.04-7.1+b1
2019-09-16 15:28:34 status installed libtext-charwidth-perl:amd64 0.04-7.1+b1
2019-09-16 15:28:35 configure lsb-base:all 10.2019051400 <none>
2019-09-16 15:28:35 status unpacked lsb-base:all 10.2019051400
2019-09-16 15:28:35 status half-configured lsb-base:all 10.2019051400
2019-09-16 15:28:36 status installed lsb-base:all 10.2019051400
2019-09-16 15:28:37 configure libip6tc0:amd64 1.8.2-4 <none>
2019-09-16 15:28:37 status triggers-pending libc-bin:amd64 2.28-10
2019-09-16 15:28:38 status unpacked libip6tc0:amd64 1.8.2-4
2019-09-16 15:28:39 status half-configured libip6tc0:amd64 1.8.2-4
2019-09-16 15:28:40 status installed libip6tc0:amd64 1.8.2-4
2019-09-16 15:28:40 configure init:amd64 1.56+nmu1 <none>
2019-09-16 15:28:40 status unpacked init:amd64 1.56+nmu1
2019-09-16 15:28:41 status half-configured init:amd64 1.56+nmu1
2019-09-16 15:28:41 status installed init:amd64 1.56+nmu1
2019-09-16 15:28:42 configure libestr0:amd64 0.1.10-2.1 <none>
2019-09-16 15:28:42 status unpacked libestr0:amd64 0.1.10-2.1
2019-09-16 15:28:42 status half-configured libestr0:amd64 0.1.10-2.1
2019-09-16 15:28:43 status installed libestr0:amd64 0.1.10-2.1
2019-09-16 15:28:43 configure libfastjson4:amd64 0.99.8-2 <none>
2019-09-16 15:28:43 status unpacked libfastjson4:amd64 0.99.8-2
2019-09-16 15:28:44 status half-configured libfastjson4:amd64 0.99.8-2
2019-09-16 15:28:44 status installed libfastjson4:amd64 0.99.8-2
2019-09-16 15:28:44 configure libprocps7:amd64 2:3.3.15-2 <none>
2019-09-16 15:28:44 status unpacked libprocps7:amd64 2:3.3.15-2
2019-09-16 15:28:45 status half-configured libprocps7:amd64 2:3.3.15-2
2019-09-16 15:28:45 status installed libprocps7:amd64 2:3.3.15-2
2019-09-16 15:28:46 configure less:amd64 487-0.1+b1 <none>
2019-09-16 15:28:46 status unpacked less:amd64 487-0.1+b1
2019-09-16 15:28:46 status half-configured less:amd64 487-0.1+b1
2019-09-16 15:28:48 status installed less:amd64 487-0.1+b1
2019-09-16 15:28:48 configure kmod:amd64 26-1 <none>
2019-09-16 15:28:48 status unpacked kmod:amd64 26-1
2019-09-16 15:28:49 status triggers-pending systemd:amd64 241-7~deb10u1
2019-09-16 15:28:50 status half-configured kmod:amd64 26-1
2019-09-16 15:28:50 status installed kmod:amd64 26-1
2019-09-16 15:28:51 configure libapt-inst2.0:amd64 1.8.2 <none>
2019-09-16 15:28:51 status unpacked libapt-inst2.0:amd64 1.8.2
2019-09-16 15:28:51 status half-configured libapt-inst2.0:amd64 1.8.2
2019-09-16 15:28:52 status installed libapt-inst2.0:amd64 1.8.2
2019-09-16 15:28:52 configure libtext-wrapi18n-perl:all 0.06-7.1 <none>
2019-09-16 15:28:52 status unpacked libtext-wrapi18n-perl:all 0.06-7.1
2019-09-16 15:28:53 status half-configured libtext-wrapi18n-perl:all 0.06-7.1
2019-09-16 15:28:53 status installed libtext-wrapi18n-perl:all 0.06-7.1
2019-09-16 15:28:54 configure xxd:amd64 2:8.1.0875-5 <none>
2019-09-16 15:28:54 status unpacked xxd:amd64 2:8.1.0875-5
2019-09-16 15:28:54 status half-configured xxd:amd64 2:8.1.0875-5
2019-09-16 15:28:54 status installed xxd:amd64 2:8.1.0875-5
2019-09-16 15:28:55 configure libcap2-bin:amd64 1:2.25-2 <none>
2019-09-16 15:28:55 status unpacked libcap2-bin:amd64 1:2.25-2
2019-09-16 15:28:55 status half-configured libcap2-bin:amd64 1:2.25-2
2019-09-16 15:28:55 status installed libcap2-bin:amd64 1:2.25-2
2019-09-16 15:28:56 configure vim-common:all 2:8.1.0875-5 <none>
2019-09-16 15:28:56 status unpacked vim-common:all 2:8.1.0875-5
2019-09-16 15:28:56 status half-configured vim-common:all 2:8.1.0875-5
2019-09-16 15:28:57 status installed vim-common:all 2:8.1.0875-5
2019-09-16 15:28:57 configure libslang2:amd64 2.3.2-2 <none>
2019-09-16 15:28:57 status unpacked libslang2:amd64 2.3.2-2
2019-09-16 15:28:58 status half-configured libslang2:amd64 2.3.2-2
2019-09-16 15:28:59 status installed libslang2:amd64 2.3.2-2
2019-09-16 15:28:59 configure libiptc0:amd64 1.8.2-4 <none>
2019-09-16 15:28:59 status unpacked libiptc0:amd64 1.8.2-4
2019-09-16 15:28:59 status half-configured libiptc0:amd64 1.8.2-4
2019-09-16 15:29:00 status installed libiptc0:amd64 1.8.2-4
2019-09-16 15:29:00 configure libncurses6:amd64 6.1+20181013-2+deb10u1 <none>
2019-09-16 15:29:00 status unpacked libncurses6:amd64 6.1+20181013-2+deb10u1
2019-09-16 15:29:01 status half-configured libncurses6:amd64 6.1+20181013-2+deb10u1
2019-09-16 15:29:01 status installed libncurses6:amd64 6.1+20181013-2+deb10u1
2019-09-16 15:29:01 configure libmnl0:amd64 1.0.4-2 <none>
2019-09-16 15:29:01 status unpacked libmnl0:amd64 1.0.4-2
2019-09-16 15:29:01 status half-configured libmnl0:amd64 1.0.4-2
2019-09-16 15:29:01 status installed libmnl0:amd64 1.0.4-2
2019-09-16 15:29:02 configure udev:amd64 241-7~deb10u1 <none>
2019-09-16 15:29:02 status unpacked udev:amd64 241-7~deb10u1
2019-09-16 15:29:03 status half-configured udev:amd64 241-7~deb10u1
2019-09-16 15:29:06 status installed udev:amd64 241-7~deb10u1
2019-09-16 15:29:06 configure libxtables12:amd64 1.8.2-4 <none>
2019-09-16 15:29:06 status unpacked libxtables12:amd64 1.8.2-4
2019-09-16 15:29:06 status half-configured libxtables12:amd64 1.8.2-4
2019-09-16 15:29:07 status installed libxtables12:amd64 1.8.2-4
2019-09-16 15:29:07 configure gdbm-l10n:all 1.18.1-4 <none>
2019-09-16 15:29:07 status unpacked gdbm-l10n:all 1.18.1-4
2019-09-16 15:29:07 status half-configured gdbm-l10n:all 1.18.1-4
2019-09-16 15:29:07 status installed gdbm-l10n:all 1.18.1-4
2019-09-16 15:29:08 configure libisc-export1100:amd64 1:9.11.5.P4+dfsg-5.1 <none>
2019-09-16 15:29:08 status unpacked libisc-export1100:amd64 1:9.11.5.P4+dfsg-5.1
2019-09-16 15:29:08 status half-configured libisc-export1100:amd64 1:9.11.5.P4+dfsg-5.1
2019-09-16 15:29:08 status installed libisc-export1100:amd64 1:9.11.5.P4+dfsg-5.1
2019-09-16 15:29:08 configure liblognorm5:amd64 2.0.5-1 <none>
2019-09-16 15:29:08 status unpacked liblognorm5:amd64 2.0.5-1
2019-09-16 15:29:08 status half-configured liblognorm5:amd64 2.0.5-1
2019-09-16 15:29:09 status installed liblognorm5:amd64 2.0.5-1
2019-09-16 15:29:09 configure nano:amd64 3.2-3 <none>
2019-09-16 15:29:09 status unpacked nano:amd64 3.2-3
2019-09-16 15:29:09 status half-configured nano:amd64 3.2-3
2019-09-16 15:29:10 status installed nano:amd64 3.2-3
2019-09-16 15:29:10 configure sensible-utils:all 0.0.12 <none>
2019-09-16 15:29:10 status unpacked sensible-utils:all 0.0.12
2019-09-16 15:29:11 status half-configured sensible-utils:all 0.0.12
2019-09-16 15:29:11 status installed sensible-utils:all 0.0.12
2019-09-16 15:29:11 configure libnfnetlink0:amd64 1.0.1-3+b1 <none>
2019-09-16 15:29:11 status unpacked libnfnetlink0:amd64 1.0.1-3+b1
2019-09-16 15:29:11 status half-configured libnfnetlink0:amd64 1.0.1-3+b1
2019-09-16 15:29:11 status installed libnfnetlink0:amd64 1.0.1-3+b1
2019-09-16 15:29:12 configure procps:amd64 2:3.3.15-2 <none>
2019-09-16 15:29:12 status unpacked procps:amd64 2:3.3.15-2
2019-09-16 15:29:13 status half-configured procps:amd64 2:3.3.15-2
2019-09-16 15:29:13 status installed procps:amd64 2:3.3.15-2
2019-09-16 15:29:13 configure netbase:all 5.6 <none>
2019-09-16 15:29:13 status unpacked netbase:all 5.6
2019-09-16 15:29:14 status half-configured netbase:all 5.6
2019-09-16 15:29:14 status installed netbase:all 5.6
2019-09-16 15:29:14 configure isc-dhcp-common:amd64 4.4.1-2 <none>
2019-09-16 15:29:14 status unpacked isc-dhcp-common:amd64 4.4.1-2
2019-09-16 15:29:14 status half-configured isc-dhcp-common:amd64 4.4.1-2
2019-09-16 15:29:15 status installed isc-dhcp-common:amd64 4.4.1-2
2019-09-16 15:29:15 configure dmidecode:amd64 3.2-1 <none>
2019-09-16 15:29:15 status unpacked dmidecode:amd64 3.2-1
2019-09-16 15:29:15 status half-configured dmidecode:amd64 3.2-1
2019-09-16 15:29:15 status installed dmidecode:amd64 3.2-1
2019-09-16 15:29:15 configure libbsd0:amd64 0.9.1-2 <none>
2019-09-16 15:29:15 status unpacked libbsd0:amd64 0.9.1-2
2019-09-16 15:29:16 status half-configured libbsd0:amd64 0.9.1-2
2019-09-16 15:29:16 status installed libbsd0:amd64 0.9.1-2
2019-09-16 15:29:16 configure libelf1:amd64 0.176-1.1 <none>
2019-09-16 15:29:16 status unpacked libelf1:amd64 0.176-1.1
2019-09-16 15:29:16 status half-configured libelf1:amd64 0.176-1.1
2019-09-16 15:29:16 status installed libelf1:amd64 0.176-1.1
2019-09-16 15:29:16 configure libdns-export1104:amd64 1:9.11.5.P4+dfsg-5.1 <none>
2019-09-16 15:29:16 status unpacked libdns-export1104:amd64 1:9.11.5.P4+dfsg-5.1
2019-09-16 15:29:17 status half-configured libdns-export1104:amd64 1:9.11.5.P4+dfsg-5.1
2019-09-16 15:29:17 status installed libdns-export1104:amd64 1:9.11.5.P4+dfsg-5.1
2019-09-16 15:29:17 configure iputils-ping:amd64 3:20180629-2 <none>
2019-09-16 15:29:17 status unpacked iputils-ping:amd64 3:20180629-2
2019-09-16 15:29:17 status half-configured iputils-ping:amd64 3:20180629-2
2019-09-16 15:29:18 status installed iputils-ping:amd64 3:20180629-2
2019-09-16 15:29:18 configure readline-common:all 7.0-5 <none>
2019-09-16 15:29:18 status unpacked readline-common:all 7.0-5
2019-09-16 15:29:18 status half-configured readline-common:all 7.0-5
2019-09-16 15:29:18 status installed readline-common:all 7.0-5
2019-09-16 15:29:19 configure liblocale-gettext-perl:amd64 1.07-3+b4 <none>
2019-09-16 15:29:19 status unpacked liblocale-gettext-perl:amd64 1.07-3+b4
2019-09-16 15:29:19 status half-configured liblocale-gettext-perl:amd64 1.07-3+b4
2019-09-16 15:29:19 status installed liblocale-gettext-perl:amd64 1.07-3+b4
2019-09-16 15:29:19 configure libpopt0:amd64 1.16-12 <none>
2019-09-16 15:29:19 status unpacked libpopt0:amd64 1.16-12
2019-09-16 15:29:19 status half-configured libpopt0:amd64 1.16-12
2019-09-16 15:29:19 status installed libpopt0:amd64 1.16-12
2019-09-16 15:29:20 configure logrotate:amd64 3.14.0-4 <none>
2019-09-16 15:29:20 status unpacked logrotate:amd64 3.14.0-4
2019-09-16 15:29:21 status half-configured logrotate:amd64 3.14.0-4
2019-09-16 15:29:21 status installed logrotate:amd64 3.14.0-4
2019-09-16 15:29:22 configure libnewt0.52:amd64 0.52.20-8 <none>
2019-09-16 15:29:22 status unpacked libnewt0.52:amd64 0.52.20-8
2019-09-16 15:29:22 status half-configured libnewt0.52:amd64 0.52.20-8
2019-09-16 15:29:22 status installed libnewt0.52:amd64 0.52.20-8
2019-09-16 15:29:22 configure apt-utils:amd64 1.8.2 <none>
2019-09-16 15:29:22 status unpacked apt-utils:amd64 1.8.2
2019-09-16 15:29:23 status half-configured apt-utils:amd64 1.8.2
2019-09-16 15:29:23 status installed apt-utils:amd64 1.8.2
2019-09-16 15:29:23 configure iproute2:amd64 4.20.0-2 <none>
2019-09-16 15:29:23 status unpacked iproute2:amd64 4.20.0-2
2019-09-16 15:29:26 status half-configured iproute2:amd64 4.20.0-2
2019-09-16 15:29:27 status installed iproute2:amd64 4.20.0-2
2019-09-16 15:29:28 configure cron:amd64 3.0pl1-134 <none>
2019-09-16 15:29:28 status unpacked cron:amd64 3.0pl1-134
2019-09-16 15:29:31 status half-configured cron:amd64 3.0pl1-134
2019-09-16 15:29:33 status installed cron:amd64 3.0pl1-134
2019-09-16 15:29:33 configure rsyslog:amd64 8.1901.0-1 <none>
2019-09-16 15:29:33 status unpacked rsyslog:amd64 8.1901.0-1
2019-09-16 15:29:34 status half-configured rsyslog:amd64 8.1901.0-1
2019-09-16 15:29:35 status installed rsyslog:amd64 8.1901.0-1
2019-09-16 15:29:35 configure isc-dhcp-client:amd64 4.4.1-2 <none>
2019-09-16 15:29:35 status unpacked isc-dhcp-client:amd64 4.4.1-2
2019-09-16 15:29:36 status half-configured isc-dhcp-client:amd64 4.4.1-2
2019-09-16 15:29:36 status installed isc-dhcp-client:amd64 4.4.1-2
2019-09-16 15:29:37 configure debconf-i18n:all 1.5.71 <none>
2019-09-16 15:29:37 status unpacked debconf-i18n:all 1.5.71
2019-09-16 15:29:37 status half-configured debconf-i18n:all 1.5.71
2019-09-16 15:29:37 status installed debconf-i18n:all 1.5.71
2019-09-16 15:29:38 configure libnftnl11:amd64 1.1.2-2 <none>
2019-09-16 15:29:38 status unpacked libnftnl11:amd64 1.1.2-2
2019-09-16 15:29:38 status half-configured libnftnl11:amd64 1.1.2-2
2019-09-16 15:29:38 status installed libnftnl11:amd64 1.1.2-2
2019-09-16 15:29:38 configure vim-tiny:amd64 2:8.1.0875-5 <none>
2019-09-16 15:29:38 status unpacked vim-tiny:amd64 2:8.1.0875-5
2019-09-16 15:29:39 status half-configured vim-tiny:amd64 2:8.1.0875-5
2019-09-16 15:29:39 status installed vim-tiny:amd64 2:8.1.0875-5
2019-09-16 15:29:40 configure ifupdown:amd64 0.8.35 <none>
2019-09-16 15:29:40 status unpacked ifupdown:amd64 0.8.35
2019-09-16 15:29:40 status half-configured ifupdown:amd64 0.8.35
2019-09-16 15:29:42 status installed ifupdown:amd64 0.8.35
2019-09-16 15:29:42 configure bsdmainutils:amd64 11.1.2+b1 <none>
2019-09-16 15:29:42 status unpacked bsdmainutils:amd64 11.1.2+b1
2019-09-16 15:29:45 status half-configured bsdmainutils:amd64 11.1.2+b1
2019-09-16 15:29:45 status installed bsdmainutils:amd64 11.1.2+b1
2019-09-16 15:29:45 configure whiptail:amd64 0.52.20-8 <none>
2019-09-16 15:29:45 status unpacked whiptail:amd64 0.52.20-8
2019-09-16 15:29:46 status half-configured whiptail:amd64 0.52.20-8
2019-09-16 15:29:46 status installed whiptail:amd64 0.52.20-8
2019-09-16 15:29:46 configure libnetfilter-conntrack3:amd64 1.0.7-1 <none>
2019-09-16 15:29:46 status unpacked libnetfilter-conntrack3:amd64 1.0.7-1
2019-09-16 15:29:46 status half-configured libnetfilter-conntrack3:amd64 1.0.7-1
2019-09-16 15:29:47 status installed libnetfilter-conntrack3:amd64 1.0.7-1
2019-09-16 15:29:47 configure iptables:amd64 1.8.2-4 <none>
2019-09-16 15:29:47 status unpacked iptables:amd64 1.8.2-4
2019-09-16 15:29:47 status half-configured iptables:amd64 1.8.2-4
2019-09-16 15:29:48 status installed iptables:amd64 1.8.2-4
2019-09-16 15:29:48 configure tasksel-data:all 3.53 <none>
2019-09-16 15:29:48 status unpacked tasksel-data:all 3.53
2019-09-16 15:29:48 status half-configured tasksel-data:all 3.53
2019-09-16 15:29:48 status installed tasksel-data:all 3.53
2019-09-16 15:29:49 configure tasksel:all 3.53 <none>
2019-09-16 15:29:49 status unpacked tasksel:all 3.53
2019-09-16 15:29:49 status half-configured tasksel:all 3.53
2019-09-16 15:29:49 status installed tasksel:all 3.53
2019-09-16 15:29:50 trigproc libc-bin:amd64 2.28-10 <none>
2019-09-16 15:29:50 status half-configured libc-bin:amd64 2.28-10
2019-09-16 15:29:50 status installed libc-bin:amd64 2.28-10
2019-09-16 15:29:51 trigproc systemd:amd64 241-7~deb10u1 <none>
2019-09-16 15:29:51 status half-configured systemd:amd64 241-7~deb10u1
2019-09-16 15:29:51 status installed systemd:amd64 241-7~deb10u1
